


ARM Macro Assembler    Page 1 


    1 00000000         ;/******************************************************
                       ***********************
    2 00000000         ; * @file:    startup_MK20D5.s
    3 00000000         ; * @purpose: CMSIS Cortex-M4 Core Device Startup File f
                       or the
    4 00000000         ; *           MK20D5
    5 00000000         ; * @version: 1.0
    6 00000000         ; * @date:    2011-12-15
    7 00000000         ; *
    8 00000000         ; * Copyright: 1997 - 2012 Freescale Semiconductor, Inc.
                        All Rights Reserved.
    9 00000000         ;*
   10 00000000         ; *------- <<< Use Configuration Wizard in Context Menu 
                       >>> ------------------
   11 00000000         ; *
   12 00000000         ; ******************************************************
                       ***********************/
   13 00000000         
   14 00000000         
   15 00000000         ; <h> Stack Configuration
   16 00000000         ;   <o> Stack Size (in Bytes) <0x0-0xFFFFFFFF:8>
   17 00000000         ; </h>
   18 00000000         
   19 00000000 00000400 
                       Stack_Size
                               EQU              0x00000400
   20 00000000         
   21 00000000                 AREA             STACK, NOINIT, READWRITE, ALIGN
=3
   22 00000000         Stack_Mem
                               SPACE            Stack_Size
   23 00000400         __initial_sp
   24 00000400         
   25 00000400         
   26 00000400         ; <h> Heap Configuration
   27 00000400         ;   <o>  Heap Size (in Bytes) <0x0-0xFFFFFFFF:8>
   28 00000400         ; </h>
   29 00000400         
   30 00000400 00000000 
                       Heap_Size
                               EQU              0x00000000
   31 00000400         
   32 00000400                 AREA             HEAP, NOINIT, READWRITE, ALIGN=
3
   33 00000000         __heap_base
   34 00000000         Heap_Mem
                               SPACE            Heap_Size
   35 00000000         __heap_limit
   36 00000000         
   37 00000000         
   38 00000000                 PRESERVE8
   39 00000000                 THUMB
   40 00000000         
   41 00000000         
   42 00000000         ; Vector Table Mapped to Address 0 at Reset
   43 00000000         
   44 00000000                 AREA             RESET, DATA, READONLY
   45 00000000                 EXPORT           __Vectors
   46 00000000                 EXPORT           __Vectors_End



ARM Macro Assembler    Page 2 


   47 00000000                 EXPORT           __Vectors_Size
   48 00000000         
   49 00000000 00000000 
                       __Vectors
                               DCD              __initial_sp ; Top of Stack
   50 00000004 00000000        DCD              Reset_Handler ; Reset Handler
   51 00000008 00000000        DCD              NMI_Handler ; NMI Handler
   52 0000000C 00000000        DCD              HardFault_Handler ; Hard Fault 
                                                            Handler
   53 00000010 00000000        DCD              MemManage_Handler 
                                                            ; MPU Fault Handler
                                                            
   54 00000014 00000000        DCD              BusFault_Handler 
                                                            ; Bus Fault Handler
                                                            
   55 00000018 00000000        DCD              UsageFault_Handler ; Usage Faul
                                                            t Handler
   56 0000001C 00000000        DCD              0           ; Reserved
   57 00000020 00000000        DCD              0           ; Reserved
   58 00000024 00000000        DCD              0           ; Reserved
   59 00000028 00000000        DCD              0           ; Reserved
   60 0000002C 00000000        DCD              SVC_Handler ; SVCall Handler
   61 00000030 00000000        DCD              DebugMon_Handler ; Debug Monito
                                                            r Handler
   62 00000034 00000000        DCD              0           ; Reserved
   63 00000038 00000000        DCD              PendSV_Handler ; PendSV Handler
                                                            
   64 0000003C 00000000        DCD              SysTick_Handler 
                                                            ; SysTick Handler
   65 00000040         
   66 00000040         ; External Interrupts
   67 00000040 00000000        DCD              DMA0_IRQHandler ; DMA channel 0
                                                             transfer complete 
                                                            interrupt
   68 00000044 00000000        DCD              DMA1_IRQHandler ; DMA channel 1
                                                             transfer complete 
                                                            interrupt
   69 00000048 00000000        DCD              DMA2_IRQHandler ; DMA channel 2
                                                             transfer complete 
                                                            interrupt
   70 0000004C 00000000        DCD              DMA3_IRQHandler ; DMA channel 3
                                                             transfer complete 
                                                            interrupt
   71 00000050 00000000        DCD              DMA_Error_IRQHandler ; DMA erro
                                                            r interrupt
   72 00000054 00000000        DCD              Reserved21_IRQHandler ; Reserve
                                                            d interrupt 21
   73 00000058 00000000        DCD              FTFL_IRQHandler 
                                                            ; FTFL interrupt
   74 0000005C 00000000        DCD              Read_Collision_IRQHandler ; Rea
                                                            d collision interru
                                                            pt
   75 00000060 00000000        DCD              LVD_LVW_IRQHandler ; Low Voltag
                                                            e Detect, Low Volta
                                                            ge Warning
   76 00000064 00000000        DCD              LLW_IRQHandler ; Low Leakage Wa
                                                            keup
   77 00000068 00000000        DCD              Watchdog_IRQHandler 
                                                            ; WDOG interrupt



ARM Macro Assembler    Page 3 


   78 0000006C 00000000        DCD              I2C0_IRQHandler 
                                                            ; I2C0 interrupt
   79 00000070 00000000        DCD              SPI0_IRQHandler 
                                                            ; SPI0 interrupt
   80 00000074 00000000        DCD              I2S0_Tx_IRQHandler ; I2S0 trans
                                                            mit interrupt
   81 00000078 00000000        DCD              I2S0_Rx_IRQHandler ; I2S0 recei
                                                            ve interrupt
   82 0000007C 00000000        DCD              UART0_LON_IRQHandler ; UART0 LO
                                                            N interrupt
   83 00000080 00000000        DCD              UART0_RX_TX_IRQHandler ; UART0 
                                                            receive/transmit in
                                                            terrupt
   84 00000084 00000000        DCD              UART0_ERR_IRQHandler ; UART0 er
                                                            ror interrupt
   85 00000088 00000000        DCD              UART1_RX_TX_IRQHandler ; UART1 
                                                            receive/transmit in
                                                            terrupt
   86 0000008C 00000000        DCD              UART1_ERR_IRQHandler ; UART1 er
                                                            ror interrupt
   87 00000090 00000000        DCD              UART2_RX_TX_IRQHandler ; UART2 
                                                            receive/transmit in
                                                            terrupt
   88 00000094 00000000        DCD              UART2_ERR_IRQHandler ; UART2 er
                                                            ror interrupt
   89 00000098 00000000        DCD              ADC0_IRQHandler 
                                                            ; ADC0 interrupt
   90 0000009C 00000000        DCD              CMP0_IRQHandler 
                                                            ; CMP0 interrupt
   91 000000A0 00000000        DCD              CMP1_IRQHandler 
                                                            ; CMP1 interrupt
   92 000000A4 00000000        DCD              FTM0_IRQHandler ; FTM0 fault, o
                                                            verflow and channel
                                                            s interrupt
   93 000000A8 00000000        DCD              FTM1_IRQHandler ; FTM1 fault, o
                                                            verflow and channel
                                                            s interrupt
   94 000000AC 00000000        DCD              CMT_IRQHandler ; CMT interrupt
   95 000000B0 00000000        DCD              RTC_IRQHandler ; RTC interrupt
   96 000000B4 00000000        DCD              RTC_Seconds_IRQHandler ; RTC se
                                                            conds interrupt
   97 000000B8 00000000        DCD              PIT0_IRQHandler ; PIT timer cha
                                                            nnel 0 interrupt
   98 000000BC 00000000        DCD              PIT1_IRQHandler ; PIT timer cha
                                                            nnel 1 interrupt
   99 000000C0 00000000        DCD              PIT2_IRQHandler ; PIT timer cha
                                                            nnel 2 interrupt
  100 000000C4 00000000        DCD              PIT3_IRQHandler ; PIT timer cha
                                                            nnel 3 interrupt
  101 000000C8 00000000        DCD              PDB0_IRQHandler 
                                                            ; PDB0 interrupt
  102 000000CC 00000000        DCD              USB0_IRQHandler 
                                                            ; USB0 interrupt
  103 000000D0 00000000        DCD              USBDCD_IRQHandler 
                                                            ; USBDCD interrupt
  104 000000D4 00000000        DCD              TSI0_IRQHandler 
                                                            ; TSI0 interrupt
  105 000000D8 00000000        DCD              MCG_IRQHandler ; MCG interrupt
  106 000000DC 00000000        DCD              LPTimer_IRQHandler 



ARM Macro Assembler    Page 4 


                                                            ; LPTimer interrupt
                                                            
  107 000000E0 00000000        DCD              PORTA_IRQHandler 
                                                            ; Port A interrupt
  108 000000E4 00000000        DCD              PORTB_IRQHandler 
                                                            ; Port B interrupt
  109 000000E8 00000000        DCD              PORTC_IRQHandler 
                                                            ; Port C interrupt
  110 000000EC 00000000        DCD              PORTD_IRQHandler 
                                                            ; Port D interrupt
  111 000000F0 00000000        DCD              PORTE_IRQHandler 
                                                            ; Port E interrupt
  112 000000F4 00000000        DCD              SWI_IRQHandler ; Software inter
                                                            rupt
  113 000000F8 00000000        DCD              DefaultISR  ; 62
  114 000000FC 00000000        DCD              DefaultISR  ; 63
  115 00000100 00000000        DCD              DefaultISR  ; 64
  116 00000104 00000000        DCD              DefaultISR  ; 65
  117 00000108 00000000        DCD              DefaultISR  ; 66
  118 0000010C 00000000        DCD              DefaultISR  ; 67
  119 00000110 00000000        DCD              DefaultISR  ; 68
  120 00000114 00000000        DCD              DefaultISR  ; 69
  121 00000118 00000000        DCD              DefaultISR  ; 70
  122 0000011C 00000000        DCD              DefaultISR  ; 71
  123 00000120 00000000        DCD              DefaultISR  ; 72
  124 00000124 00000000        DCD              DefaultISR  ; 73
  125 00000128 00000000        DCD              DefaultISR  ; 74
  126 0000012C 00000000        DCD              DefaultISR  ; 75
  127 00000130 00000000        DCD              DefaultISR  ; 76
  128 00000134 00000000        DCD              DefaultISR  ; 77
  129 00000138 00000000        DCD              DefaultISR  ; 78
  130 0000013C 00000000        DCD              DefaultISR  ; 79
  131 00000140 00000000        DCD              DefaultISR  ; 80
  132 00000144 00000000        DCD              DefaultISR  ; 81
  133 00000148 00000000        DCD              DefaultISR  ; 82
  134 0000014C 00000000        DCD              DefaultISR  ; 83
  135 00000150 00000000        DCD              DefaultISR  ; 84
  136 00000154 00000000        DCD              DefaultISR  ; 85
  137 00000158 00000000        DCD              DefaultISR  ; 86
  138 0000015C 00000000        DCD              DefaultISR  ; 87
  139 00000160 00000000        DCD              DefaultISR  ; 88
  140 00000164 00000000        DCD              DefaultISR  ; 89
  141 00000168 00000000        DCD              DefaultISR  ; 90
  142 0000016C 00000000        DCD              DefaultISR  ; 91
  143 00000170 00000000        DCD              DefaultISR  ; 92
  144 00000174 00000000        DCD              DefaultISR  ; 93
  145 00000178 00000000        DCD              DefaultISR  ; 94
  146 0000017C 00000000        DCD              DefaultISR  ; 95
  147 00000180 00000000        DCD              DefaultISR  ; 96
  148 00000184 00000000        DCD              DefaultISR  ; 97
  149 00000188 00000000        DCD              DefaultISR  ; 98
  150 0000018C 00000000        DCD              DefaultISR  ; 99
  151 00000190 00000000        DCD              DefaultISR  ; 100
  152 00000194 00000000        DCD              DefaultISR  ; 101
  153 00000198 00000000        DCD              DefaultISR  ; 102
  154 0000019C 00000000        DCD              DefaultISR  ; 103
  155 000001A0 00000000        DCD              DefaultISR  ; 104
  156 000001A4 00000000        DCD              DefaultISR  ; 105
  157 000001A8 00000000        DCD              DefaultISR  ; 106



ARM Macro Assembler    Page 5 


  158 000001AC 00000000        DCD              DefaultISR  ; 107
  159 000001B0 00000000        DCD              DefaultISR  ; 108
  160 000001B4 00000000        DCD              DefaultISR  ; 109
  161 000001B8 00000000        DCD              DefaultISR  ; 110
  162 000001BC 00000000        DCD              DefaultISR  ; 111
  163 000001C0 00000000        DCD              DefaultISR  ; 112
  164 000001C4 00000000        DCD              DefaultISR  ; 113
  165 000001C8 00000000        DCD              DefaultISR  ; 114
  166 000001CC 00000000        DCD              DefaultISR  ; 115
  167 000001D0 00000000        DCD              DefaultISR  ; 116
  168 000001D4 00000000        DCD              DefaultISR  ; 117
  169 000001D8 00000000        DCD              DefaultISR  ; 118
  170 000001DC 00000000        DCD              DefaultISR  ; 119
  171 000001E0 00000000        DCD              DefaultISR  ; 120
  172 000001E4 00000000        DCD              DefaultISR  ; 121
  173 000001E8 00000000        DCD              DefaultISR  ; 122
  174 000001EC 00000000        DCD              DefaultISR  ; 123
  175 000001F0 00000000        DCD              DefaultISR  ; 124
  176 000001F4 00000000        DCD              DefaultISR  ; 125
  177 000001F8 00000000        DCD              DefaultISR  ; 126
  178 000001FC 00000000        DCD              DefaultISR  ; 127
  179 00000200 00000000        DCD              DefaultISR  ; 128
  180 00000204 00000000        DCD              DefaultISR  ; 129
  181 00000208 00000000        DCD              DefaultISR  ; 130
  182 0000020C 00000000        DCD              DefaultISR  ; 131
  183 00000210 00000000        DCD              DefaultISR  ; 132
  184 00000214 00000000        DCD              DefaultISR  ; 133
  185 00000218 00000000        DCD              DefaultISR  ; 134
  186 0000021C 00000000        DCD              DefaultISR  ; 135
  187 00000220 00000000        DCD              DefaultISR  ; 136
  188 00000224 00000000        DCD              DefaultISR  ; 137
  189 00000228 00000000        DCD              DefaultISR  ; 138
  190 0000022C 00000000        DCD              DefaultISR  ; 139
  191 00000230 00000000        DCD              DefaultISR  ; 140
  192 00000234 00000000        DCD              DefaultISR  ; 141
  193 00000238 00000000        DCD              DefaultISR  ; 142
  194 0000023C 00000000        DCD              DefaultISR  ; 143
  195 00000240 00000000        DCD              DefaultISR  ; 144
  196 00000244 00000000        DCD              DefaultISR  ; 145
  197 00000248 00000000        DCD              DefaultISR  ; 146
  198 0000024C 00000000        DCD              DefaultISR  ; 147
  199 00000250 00000000        DCD              DefaultISR  ; 148
  200 00000254 00000000        DCD              DefaultISR  ; 149
  201 00000258 00000000        DCD              DefaultISR  ; 150
  202 0000025C 00000000        DCD              DefaultISR  ; 151
  203 00000260 00000000        DCD              DefaultISR  ; 152
  204 00000264 00000000        DCD              DefaultISR  ; 153
  205 00000268 00000000        DCD              DefaultISR  ; 154
  206 0000026C 00000000        DCD              DefaultISR  ; 155
  207 00000270 00000000        DCD              DefaultISR  ; 156
  208 00000274 00000000        DCD              DefaultISR  ; 157
  209 00000278 00000000        DCD              DefaultISR  ; 158
  210 0000027C 00000000        DCD              DefaultISR  ; 159
  211 00000280 00000000        DCD              DefaultISR  ; 160
  212 00000284 00000000        DCD              DefaultISR  ; 161
  213 00000288 00000000        DCD              DefaultISR  ; 162
  214 0000028C 00000000        DCD              DefaultISR  ; 163
  215 00000290 00000000        DCD              DefaultISR  ; 164
  216 00000294 00000000        DCD              DefaultISR  ; 165



ARM Macro Assembler    Page 6 


  217 00000298 00000000        DCD              DefaultISR  ; 166
  218 0000029C 00000000        DCD              DefaultISR  ; 167
  219 000002A0 00000000        DCD              DefaultISR  ; 168
  220 000002A4 00000000        DCD              DefaultISR  ; 169
  221 000002A8 00000000        DCD              DefaultISR  ; 170
  222 000002AC 00000000        DCD              DefaultISR  ; 171
  223 000002B0 00000000        DCD              DefaultISR  ; 172
  224 000002B4 00000000        DCD              DefaultISR  ; 173
  225 000002B8 00000000        DCD              DefaultISR  ; 174
  226 000002BC 00000000        DCD              DefaultISR  ; 175
  227 000002C0 00000000        DCD              DefaultISR  ; 176
  228 000002C4 00000000        DCD              DefaultISR  ; 177
  229 000002C8 00000000        DCD              DefaultISR  ; 178
  230 000002CC 00000000        DCD              DefaultISR  ; 179
  231 000002D0 00000000        DCD              DefaultISR  ; 180
  232 000002D4 00000000        DCD              DefaultISR  ; 181
  233 000002D8 00000000        DCD              DefaultISR  ; 182
  234 000002DC 00000000        DCD              DefaultISR  ; 183
  235 000002E0 00000000        DCD              DefaultISR  ; 184
  236 000002E4 00000000        DCD              DefaultISR  ; 185
  237 000002E8 00000000        DCD              DefaultISR  ; 186
  238 000002EC 00000000        DCD              DefaultISR  ; 187
  239 000002F0 00000000        DCD              DefaultISR  ; 188
  240 000002F4 00000000        DCD              DefaultISR  ; 189
  241 000002F8 00000000        DCD              DefaultISR  ; 190
  242 000002FC 00000000        DCD              DefaultISR  ; 191
  243 00000300 00000000        DCD              DefaultISR  ; 192
  244 00000304 00000000        DCD              DefaultISR  ; 193
  245 00000308 00000000        DCD              DefaultISR  ; 194
  246 0000030C 00000000        DCD              DefaultISR  ; 195
  247 00000310 00000000        DCD              DefaultISR  ; 196
  248 00000314 00000000        DCD              DefaultISR  ; 197
  249 00000318 00000000        DCD              DefaultISR  ; 198
  250 0000031C 00000000        DCD              DefaultISR  ; 199
  251 00000320 00000000        DCD              DefaultISR  ; 200
  252 00000324 00000000        DCD              DefaultISR  ; 201
  253 00000328 00000000        DCD              DefaultISR  ; 202
  254 0000032C 00000000        DCD              DefaultISR  ; 203
  255 00000330 00000000        DCD              DefaultISR  ; 204
  256 00000334 00000000        DCD              DefaultISR  ; 205
  257 00000338 00000000        DCD              DefaultISR  ; 206
  258 0000033C 00000000        DCD              DefaultISR  ; 207
  259 00000340 00000000        DCD              DefaultISR  ; 208
  260 00000344 00000000        DCD              DefaultISR  ; 209
  261 00000348 00000000        DCD              DefaultISR  ; 210
  262 0000034C 00000000        DCD              DefaultISR  ; 211
  263 00000350 00000000        DCD              DefaultISR  ; 212
  264 00000354 00000000        DCD              DefaultISR  ; 213
  265 00000358 00000000        DCD              DefaultISR  ; 214
  266 0000035C 00000000        DCD              DefaultISR  ; 215
  267 00000360 00000000        DCD              DefaultISR  ; 216
  268 00000364 00000000        DCD              DefaultISR  ; 217
  269 00000368 00000000        DCD              DefaultISR  ; 218
  270 0000036C 00000000        DCD              DefaultISR  ; 219
  271 00000370 00000000        DCD              DefaultISR  ; 220
  272 00000374 00000000        DCD              DefaultISR  ; 221
  273 00000378 00000000        DCD              DefaultISR  ; 222
  274 0000037C 00000000        DCD              DefaultISR  ; 223
  275 00000380 00000000        DCD              DefaultISR  ; 224



ARM Macro Assembler    Page 7 


  276 00000384 00000000        DCD              DefaultISR  ; 225
  277 00000388 00000000        DCD              DefaultISR  ; 226
  278 0000038C 00000000        DCD              DefaultISR  ; 227
  279 00000390 00000000        DCD              DefaultISR  ; 228
  280 00000394 00000000        DCD              DefaultISR  ; 229
  281 00000398 00000000        DCD              DefaultISR  ; 230
  282 0000039C 00000000        DCD              DefaultISR  ; 231
  283 000003A0 00000000        DCD              DefaultISR  ; 232
  284 000003A4 00000000        DCD              DefaultISR  ; 233
  285 000003A8 00000000        DCD              DefaultISR  ; 234
  286 000003AC 00000000        DCD              DefaultISR  ; 235
  287 000003B0 00000000        DCD              DefaultISR  ; 236
  288 000003B4 00000000        DCD              DefaultISR  ; 237
  289 000003B8 00000000        DCD              DefaultISR  ; 238
  290 000003BC 00000000        DCD              DefaultISR  ; 239
  291 000003C0 00000000        DCD              DefaultISR  ; 240
  292 000003C4 00000000        DCD              DefaultISR  ; 241
  293 000003C8 00000000        DCD              DefaultISR  ; 242
  294 000003CC 00000000        DCD              DefaultISR  ; 243
  295 000003D0 00000000        DCD              DefaultISR  ; 244
  296 000003D4 00000000        DCD              DefaultISR  ; 245
  297 000003D8 00000000        DCD              DefaultISR  ; 246
  298 000003DC 00000000        DCD              DefaultISR  ; 247
  299 000003E0 00000000        DCD              DefaultISR  ; 248
  300 000003E4 00000000        DCD              DefaultISR  ; 249
  301 000003E8 00000000        DCD              DefaultISR  ; 250
  302 000003EC 00000000        DCD              DefaultISR  ; 251
  303 000003F0 00000000        DCD              DefaultISR  ; 252
  304 000003F4 00000000        DCD              DefaultISR  ; 253
  305 000003F8 00000000        DCD              DefaultISR  ; 254
  306 000003FC 00000000        DCD              DefaultISR  ; 255
  307 00000400         __Vectors_End
  308 00000400         
  309 00000400 00000400 
                       __Vectors_Size
                               EQU              __Vectors_End - __Vectors
  310 00000400         
  311 00000400         ; <h> Flash Configuration
  312 00000400         ;   <i> 16-byte flash configuration field that stores de
                       fault protection settings (loaded on reset)
  313 00000400         ;   <i> and security information that allows the MCU to 
                       restrict acces to the FTFL module.
  314 00000400         ;   <h> Backdoor Comparison Key
  315 00000400         ;     <o0>  Backdoor Key 0  <0x0-0xFF:2>
  316 00000400         ;     <o1>  Backdoor Key 1  <0x0-0xFF:2>
  317 00000400         ;     <o2>  Backdoor Key 2  <0x0-0xFF:2>
  318 00000400         ;     <o3>  Backdoor Key 3  <0x0-0xFF:2>
  319 00000400         ;     <o4>  Backdoor Key 4  <0x0-0xFF:2>
  320 00000400         ;     <o5>  Backdoor Key 5  <0x0-0xFF:2>
  321 00000400         ;     <o6>  Backdoor Key 6  <0x0-0xFF:2>
  322 00000400         ;     <o7>  Backdoor Key 7  <0x0-0xFF:2>
  323 00000400 000000FF 
                       BackDoorK0
                               EQU              0xFF
  324 00000400 000000FF 
                       BackDoorK1
                               EQU              0xFF
  325 00000400 000000FF 
                       BackDoorK2



ARM Macro Assembler    Page 8 


                               EQU              0xFF
  326 00000400 000000FF 
                       BackDoorK3
                               EQU              0xFF
  327 00000400 000000FF 
                       BackDoorK4
                               EQU              0xFF
  328 00000400 000000FF 
                       BackDoorK5
                               EQU              0xFF
  329 00000400 000000FF 
                       BackDoorK6
                               EQU              0xFF
  330 00000400 000000FF 
                       BackDoorK7
                               EQU              0xFF
  331 00000400         ;   </h>
  332 00000400         ;   <h> Program flash protection bytes (FPROT)
  333 00000400         ;     <i> Each program flash region can be protected fro
                       m program and erase operation by setting the associated 
                       PROT bit.
  334 00000400         ;     <i> Each bit protects a 1/32 region of the program
                        flash memory.
  335 00000400         ;     <h> FPROT0
  336 00000400         ;       <i> Program flash protection bytes
  337 00000400         ;       <i> 1/32 - 8/32 region
  338 00000400         ;       <o.0>   FPROT0.0
  339 00000400         ;       <o.1>   FPROT0.1
  340 00000400         ;       <o.2>   FPROT0.2
  341 00000400         ;       <o.3>   FPROT0.3
  342 00000400         ;       <o.4>   FPROT0.4
  343 00000400         ;       <o.5>   FPROT0.5
  344 00000400         ;       <o.6>   FPROT0.6
  345 00000400         ;       <o.7>   FPROT0.7
  346 00000400 00000000 
                       nFPROT0 EQU              0x00
  347 00000400 000000FF 
                       FPROT0  EQU              nFPROT0:EOR:0xFF
  348 00000400         ;     </h>
  349 00000400         ;     <h> FPROT1
  350 00000400         ;       <i> Program Flash Region Protect Register 1
  351 00000400         ;       <i> 9/32 - 16/32 region
  352 00000400         ;       <o.0>   FPROT1.0
  353 00000400         ;       <o.1>   FPROT1.1
  354 00000400         ;       <o.2>   FPROT1.2
  355 00000400         ;       <o.3>   FPROT1.3
  356 00000400         ;       <o.4>   FPROT1.4
  357 00000400         ;       <o.5>   FPROT1.5
  358 00000400         ;       <o.6>   FPROT1.6
  359 00000400         ;       <o.7>   FPROT1.7
  360 00000400 00000000 
                       nFPROT1 EQU              0x00
  361 00000400 000000FF 
                       FPROT1  EQU              nFPROT1:EOR:0xFF
  362 00000400         ;     </h>
  363 00000400         ;     <h> FPROT2
  364 00000400         ;       <i> Program Flash Region Protect Register 2
  365 00000400         ;       <i> 17/32 - 24/32 region
  366 00000400         ;       <o.0>   FPROT2.0



ARM Macro Assembler    Page 9 


  367 00000400         ;       <o.1>   FPROT2.1
  368 00000400         ;       <o.2>   FPROT2.2
  369 00000400         ;       <o.3>   FPROT2.3
  370 00000400         ;       <o.4>   FPROT2.4
  371 00000400         ;       <o.5>   FPROT2.5
  372 00000400         ;       <o.6>   FPROT2.6
  373 00000400         ;       <o.7>   FPROT2.7
  374 00000400 00000000 
                       nFPROT2 EQU              0x00
  375 00000400 000000FF 
                       FPROT2  EQU              nFPROT2:EOR:0xFF
  376 00000400         ;     </h>
  377 00000400         ;     <h> FPROT3
  378 00000400         ;       <i> Program Flash Region Protect Register 3
  379 00000400         ;       <i> 25/32 - 32/32 region
  380 00000400         ;       <o.0>   FPROT3.0
  381 00000400         ;       <o.1>   FPROT3.1
  382 00000400         ;       <o.2>   FPROT3.2
  383 00000400         ;       <o.3>   FPROT3.3
  384 00000400         ;       <o.4>   FPROT3.4
  385 00000400         ;       <o.5>   FPROT3.5
  386 00000400         ;       <o.6>   FPROT3.6
  387 00000400         ;       <o.7>   FPROT3.7
  388 00000400 00000000 
                       nFPROT3 EQU              0x00
  389 00000400 000000FF 
                       FPROT3  EQU              nFPROT3:EOR:0xFF
  390 00000400         ;     </h>
  391 00000400         ;   </h>
  392 00000400         ;   <h> Data flash protection byte (FDPROT)
  393 00000400         ;     <i> Each bit protects a 1/8 region of the data fla
                       sh memory.
  394 00000400         ;     <i> (Program flash only devices: Reserved)
  395 00000400         ;     <o.0>   FDPROT.0
  396 00000400         ;     <o.1>   FDPROT.1
  397 00000400         ;     <o.2>   FDPROT.2
  398 00000400         ;     <o.3>   FDPROT.3
  399 00000400         ;     <o.4>   FDPROT.4
  400 00000400         ;     <o.5>   FDPROT.5
  401 00000400         ;     <o.6>   FDPROT.6
  402 00000400         ;     <o.7>   FDPROT.7
  403 00000400 00000000 
                       nFDPROT EQU              0x00
  404 00000400 000000FF 
                       FDPROT  EQU              nFDPROT:EOR:0xFF
  405 00000400         ;   </h>
  406 00000400         ;   <h> EEPROM protection byte (FEPROT)
  407 00000400         ;     <i> FlexNVM devices: Each bit protects a 1/8 regio
                       n of the EEPROM.
  408 00000400         ;     <i> (Program flash only devices: Reserved)
  409 00000400         ;     <o.0>   FEPROT.0
  410 00000400         ;     <o.1>   FEPROT.1
  411 00000400         ;     <o.2>   FEPROT.2
  412 00000400         ;     <o.3>   FEPROT.3
  413 00000400         ;     <o.4>   FEPROT.4
  414 00000400         ;     <o.5>   FEPROT.5
  415 00000400         ;     <o.6>   FEPROT.6
  416 00000400         ;     <o.7>   FEPROT.7
  417 00000400 00000000 



ARM Macro Assembler    Page 10 


                       nFEPROT EQU              0x00
  418 00000400 000000FF 
                       FEPROT  EQU              nFEPROT:EOR:0xFF
  419 00000400         ;   </h>
  420 00000400         ;   <h> Flash nonvolatile option byte (FOPT)
  421 00000400         ;     <i> Allows the user to customize the operation of 
                       the MCU at boot time.
  422 00000400         ;     <o.0>  LPBOOT
  423 00000400         ;       <0=> Low-power boot
  424 00000400         ;       <1=> normal boot
  425 00000400         ;     <o.1>  EZPORT_DIS
  426 00000400         ;       <0=> EzPort operation is enabled
  427 00000400         ;       <1=> EzPort operation is disabled
  428 00000400 000000FF 
                       FOPT    EQU              0xFF
  429 00000400         ;   </h>
  430 00000400         ;   <h> Flash security byte (FSEC)
  431 00000400         ;     <i> WARNING: If SEC field is configured as "MCU se
                       curity status is secure" and MEEN field is configured as
                        "Mass erase is disabled",
  432 00000400         ;     <i> MCU's security status cannot be set back to un
                       secure state since Mass erase via the debugger is blocke
                       d !!!
  433 00000400         ;     <o.0..1> SEC
  434 00000400         ;       <2=> MCU security status is unsecure
  435 00000400         ;       <3=> MCU security status is secure
  436 00000400         ;         <i> Flash Security
  437 00000400         ;         <i> This bits define the security state of the
                        MCU.
  438 00000400         ;     <o.2..3> FSLACC
  439 00000400         ;       <2=> Freescale factory access denied
  440 00000400         ;       <3=> Freescale factory access granted
  441 00000400         ;         <i> Freescale Failure Analysis Access Code
  442 00000400         ;         <i> This bits define the security state of the
                        MCU.
  443 00000400         ;     <o.4..5> MEEN
  444 00000400         ;       <2=> Mass erase is disabled
  445 00000400         ;       <3=> Mass erase is enabled
  446 00000400         ;         <i> Mass Erase Enable Bits
  447 00000400         ;         <i> Enables and disables mass erase capability
                        of the FTFL module
  448 00000400         ;     <o.6..7> KEYEN
  449 00000400         ;       <2=> Backdoor key access enabled
  450 00000400         ;       <3=> Backdoor key access disabled
  451 00000400         ;         <i> Backdoor key Security Enable
  452 00000400         ;         <i> These bits enable and disable backdoor key
                        access to the FTFL module.
  453 00000400 000000FE 
                       FSEC    EQU              0xFE
  454 00000400         ;   </h>
  455 00000400         ; </h>
  456 00000400                 IF               :LNOT::DEF:RAM_TARGET
  457 00000400                 AREA             |.ARM.__at_0x400|, CODE, READON
LY
  458 00000000 FF FF FF 
              FF               DCB              BackDoorK0, BackDoorK1, BackDoo
rK2, BackDoorK3
  459 00000004 FF FF FF 
              FF               DCB              BackDoorK4, BackDoorK5, BackDoo



ARM Macro Assembler    Page 11 


rK6, BackDoorK7
  460 00000008 FF FF FF 
              FF               DCB              FPROT0,     FPROT1,     FPROT2,
     FPROT3
  461 0000000C FE FF FF 
              FF               DCB              FSEC,       FOPT,       FEPROT,
     FDPROT
  462 00000010                 ENDIF
  463 00000010         
  464 00000010                 AREA             |.text|, CODE, READONLY
  465 00000000         
  466 00000000         
  467 00000000         ; Reset Handler
  468 00000000         
  469 00000000         Reset_Handler
                               PROC
  470 00000000                 EXPORT           Reset_Handler             [WEAK
]
  471 00000000                 IMPORT           SystemInit
  472 00000000                 IMPORT           __main
  473 00000000 4806            LDR              R0, =SystemInit
  474 00000002 4780            BLX              R0
  475 00000004 4806            LDR              R0, =__main
  476 00000006 4700            BX               R0
  477 00000008                 ENDP
  478 00000008         
  479 00000008         
  480 00000008         ; Dummy Exception Handlers (infinite loops which can be 
                       modified)
  481 00000008         
  482 00000008         NMI_Handler
                               PROC
  483 00000008                 EXPORT           NMI_Handler               [WEAK
]
  484 00000008 E7FE            B                .
  485 0000000A                 ENDP
  487 0000000A         HardFault_Handler
                               PROC
  488 0000000A                 EXPORT           HardFault_Handler         [WEAK
]
  489 0000000A E7FE            B                .
  490 0000000C                 ENDP
  492 0000000C         MemManage_Handler
                               PROC
  493 0000000C                 EXPORT           MemManage_Handler         [WEAK
]
  494 0000000C E7FE            B                .
  495 0000000E                 ENDP
  497 0000000E         BusFault_Handler
                               PROC
  498 0000000E                 EXPORT           BusFault_Handler          [WEAK
]
  499 0000000E E7FE            B                .
  500 00000010                 ENDP
  502 00000010         UsageFault_Handler
                               PROC
  503 00000010                 EXPORT           UsageFault_Handler        [WEAK
]
  504 00000010 E7FE            B                .



ARM Macro Assembler    Page 12 


  505 00000012                 ENDP
  506 00000012         SVC_Handler
                               PROC
  507 00000012                 EXPORT           SVC_Handler               [WEAK
]
  508 00000012 E7FE            B                .
  509 00000014                 ENDP
  511 00000014         DebugMon_Handler
                               PROC
  512 00000014                 EXPORT           DebugMon_Handler          [WEAK
]
  513 00000014 E7FE            B                .
  514 00000016                 ENDP
  515 00000016         PendSV_Handler
                               PROC
  516 00000016                 EXPORT           PendSV_Handler            [WEAK
]
  517 00000016 E7FE            B                .
  518 00000018                 ENDP
  519 00000018         SysTick_Handler
                               PROC
  520 00000018                 EXPORT           SysTick_Handler           [WEAK
]
  521 00000018 E7FE            B                .
  522 0000001A                 ENDP
  523 0000001A         
  524 0000001A         Default_Handler
                               PROC
  525 0000001A                 EXPORT           DMA0_IRQHandler     [WEAK]
  526 0000001A                 EXPORT           DMA1_IRQHandler     [WEAK]
  527 0000001A                 EXPORT           DMA2_IRQHandler     [WEAK]
  528 0000001A                 EXPORT           DMA3_IRQHandler     [WEAK]
  529 0000001A                 EXPORT           DMA_Error_IRQHandler     [WEAK]
  530 0000001A                 EXPORT           Reserved21_IRQHandler     [WEAK
]
  531 0000001A                 EXPORT           FTFL_IRQHandler     [WEAK]
  532 0000001A                 EXPORT           Read_Collision_IRQHandler     [
WEAK]
  533 0000001A                 EXPORT           LVD_LVW_IRQHandler     [WEAK]
  534 0000001A                 EXPORT           LLW_IRQHandler     [WEAK]
  535 0000001A                 EXPORT           Watchdog_IRQHandler     [WEAK]
  536 0000001A                 EXPORT           I2C0_IRQHandler     [WEAK]
  537 0000001A                 EXPORT           SPI0_IRQHandler     [WEAK]
  538 0000001A                 EXPORT           I2S0_Tx_IRQHandler     [WEAK]
  539 0000001A                 EXPORT           I2S0_Rx_IRQHandler     [WEAK]
  540 0000001A                 EXPORT           UART0_LON_IRQHandler     [WEAK]
  541 0000001A                 EXPORT           UART0_RX_TX_IRQHandler     [WEA
K]
  542 0000001A                 EXPORT           UART0_ERR_IRQHandler     [WEAK]
  543 0000001A                 EXPORT           UART1_RX_TX_IRQHandler     [WEA
K]
  544 0000001A                 EXPORT           UART1_ERR_IRQHandler     [WEAK]
  545 0000001A                 EXPORT           UART2_RX_TX_IRQHandler     [WEA
K]
  546 0000001A                 EXPORT           UART2_ERR_IRQHandler     [WEAK]
  547 0000001A                 EXPORT           ADC0_IRQHandler     [WEAK]
  548 0000001A                 EXPORT           CMP0_IRQHandler     [WEAK]
  549 0000001A                 EXPORT           CMP1_IRQHandler     [WEAK]
  550 0000001A                 EXPORT           FTM0_IRQHandler     [WEAK]



ARM Macro Assembler    Page 13 


  551 0000001A                 EXPORT           FTM1_IRQHandler     [WEAK]
  552 0000001A                 EXPORT           CMT_IRQHandler     [WEAK]
  553 0000001A                 EXPORT           RTC_IRQHandler     [WEAK]
  554 0000001A                 EXPORT           RTC_Seconds_IRQHandler     [WEA
K]
  555 0000001A                 EXPORT           PIT0_IRQHandler     [WEAK]
  556 0000001A                 EXPORT           PIT1_IRQHandler     [WEAK]
  557 0000001A                 EXPORT           PIT2_IRQHandler     [WEAK]
  558 0000001A                 EXPORT           PIT3_IRQHandler     [WEAK]
  559 0000001A                 EXPORT           PDB0_IRQHandler     [WEAK]
  560 0000001A                 EXPORT           USB0_IRQHandler     [WEAK]
  561 0000001A                 EXPORT           USBDCD_IRQHandler     [WEAK]
  562 0000001A                 EXPORT           TSI0_IRQHandler     [WEAK]
  563 0000001A                 EXPORT           MCG_IRQHandler     [WEAK]
  564 0000001A                 EXPORT           LPTimer_IRQHandler     [WEAK]
  565 0000001A                 EXPORT           PORTA_IRQHandler     [WEAK]
  566 0000001A                 EXPORT           PORTB_IRQHandler     [WEAK]
  567 0000001A                 EXPORT           PORTC_IRQHandler     [WEAK]
  568 0000001A                 EXPORT           PORTD_IRQHandler     [WEAK]
  569 0000001A                 EXPORT           PORTE_IRQHandler     [WEAK]
  570 0000001A                 EXPORT           SWI_IRQHandler     [WEAK]
  571 0000001A                 EXPORT           DefaultISR                     
 [WEAK]
  572 0000001A         
  573 0000001A         DMA0_IRQHandler
  574 0000001A         DMA1_IRQHandler
  575 0000001A         DMA2_IRQHandler
  576 0000001A         DMA3_IRQHandler
  577 0000001A         DMA_Error_IRQHandler
  578 0000001A         Reserved21_IRQHandler
  579 0000001A         FTFL_IRQHandler
  580 0000001A         Read_Collision_IRQHandler
  581 0000001A         LVD_LVW_IRQHandler
  582 0000001A         LLW_IRQHandler
  583 0000001A         Watchdog_IRQHandler
  584 0000001A         I2C0_IRQHandler
  585 0000001A         SPI0_IRQHandler
  586 0000001A         I2S0_Tx_IRQHandler
  587 0000001A         I2S0_Rx_IRQHandler
  588 0000001A         UART0_LON_IRQHandler
  589 0000001A         UART0_RX_TX_IRQHandler
  590 0000001A         UART0_ERR_IRQHandler
  591 0000001A         UART1_RX_TX_IRQHandler
  592 0000001A         UART1_ERR_IRQHandler
  593 0000001A         UART2_RX_TX_IRQHandler
  594 0000001A         UART2_ERR_IRQHandler
  595 0000001A         ADC0_IRQHandler
  596 0000001A         CMP0_IRQHandler
  597 0000001A         CMP1_IRQHandler
  598 0000001A         FTM0_IRQHandler
  599 0000001A         FTM1_IRQHandler
  600 0000001A         CMT_IRQHandler
  601 0000001A         RTC_IRQHandler
  602 0000001A         RTC_Seconds_IRQHandler
  603 0000001A         PIT0_IRQHandler
  604 0000001A         PIT1_IRQHandler
  605 0000001A         PIT2_IRQHandler
  606 0000001A         PIT3_IRQHandler
  607 0000001A         PDB0_IRQHandler



ARM Macro Assembler    Page 14 


  608 0000001A         USB0_IRQHandler
  609 0000001A         USBDCD_IRQHandler
  610 0000001A         TSI0_IRQHandler
  611 0000001A         MCG_IRQHandler
  612 0000001A         LPTimer_IRQHandler
  613 0000001A         PORTA_IRQHandler
  614 0000001A         PORTB_IRQHandler
  615 0000001A         PORTC_IRQHandler
  616 0000001A         PORTD_IRQHandler
  617 0000001A         PORTE_IRQHandler
  618 0000001A         SWI_IRQHandler
  619 0000001A         DefaultISR
  620 0000001A         
  621 0000001A E7FE            B                .
  622 0000001C         
  623 0000001C                 ENDP
  624 0000001C         
  625 0000001C         
  626 0000001C                 ALIGN
  627 0000001C         
  628 0000001C         
  629 0000001C         ; User Initial Stack & Heap
  630 0000001C         
  631 0000001C                 IF               :DEF:__MICROLIB
  632 0000001C         
  633 0000001C                 EXPORT           __initial_sp
  634 0000001C                 EXPORT           __heap_base
  635 0000001C                 EXPORT           __heap_limit
  636 0000001C         
  637 0000001C                 ELSE
  651                          ENDIF
  652 0000001C         
  653 0000001C         
  654 0000001C                 END
              00000000 
              00000000 
Command Line: --debug --xref --cpu=Cortex-M4 --apcs=interwork --depend=.\obj\st
artup_mk20d5.d -o.\obj\startup_mk20d5.o -I"D:\keil\keil package\ARM\RV31\INC" -
I"D:\keil\keil package\ARM\CMSIS\Include" -I"D:\keil\keil package\ARM\Inc\Frees
cale\Kinetis" --predefine="__MICROLIB SETA 1" --list=.\list\startup_mk20d5.lst 
..\Startup\startup_MK20D5.s



ARM Macro Assembler    Page 1 Alphabetic symbol ordering
Relocatable symbols

STACK 00000000

Symbol: STACK
   Definitions
      At line 21 in file ..\Startup\startup_MK20D5.s
   Uses
      None
Comment: STACK unused
Stack_Mem 00000000

Symbol: Stack_Mem
   Definitions
      At line 22 in file ..\Startup\startup_MK20D5.s
   Uses
      None
Comment: Stack_Mem unused
__initial_sp 00000400

Symbol: __initial_sp
   Definitions
      At line 23 in file ..\Startup\startup_MK20D5.s
   Uses
      At line 49 in file ..\Startup\startup_MK20D5.s
      At line 633 in file ..\Startup\startup_MK20D5.s

3 symbols



ARM Macro Assembler    Page 1 Alphabetic symbol ordering
Relocatable symbols

HEAP 00000000

Symbol: HEAP
   Definitions
      At line 32 in file ..\Startup\startup_MK20D5.s
   Uses
      None
Comment: HEAP unused
Heap_Mem 00000000

Symbol: Heap_Mem
   Definitions
      At line 34 in file ..\Startup\startup_MK20D5.s
   Uses
      None
Comment: Heap_Mem unused
__heap_base 00000000

Symbol: __heap_base
   Definitions
      At line 33 in file ..\Startup\startup_MK20D5.s
   Uses
      At line 634 in file ..\Startup\startup_MK20D5.s
Comment: __heap_base used once
__heap_limit 00000000

Symbol: __heap_limit
   Definitions
      At line 35 in file ..\Startup\startup_MK20D5.s
   Uses
      At line 635 in file ..\Startup\startup_MK20D5.s
Comment: __heap_limit used once
4 symbols



ARM Macro Assembler    Page 1 Alphabetic symbol ordering
Relocatable symbols

RESET 00000000

Symbol: RESET
   Definitions
      At line 44 in file ..\Startup\startup_MK20D5.s
   Uses
      None
Comment: RESET unused
__Vectors 00000000

Symbol: __Vectors
   Definitions
      At line 49 in file ..\Startup\startup_MK20D5.s
   Uses
      At line 45 in file ..\Startup\startup_MK20D5.s
      At line 309 in file ..\Startup\startup_MK20D5.s

__Vectors_End 00000400

Symbol: __Vectors_End
   Definitions
      At line 307 in file ..\Startup\startup_MK20D5.s
   Uses
      At line 46 in file ..\Startup\startup_MK20D5.s
      At line 309 in file ..\Startup\startup_MK20D5.s

3 symbols



ARM Macro Assembler    Page 1 Alphabetic symbol ordering
Relocatable symbols

.ARM.__at_0x400 00000000

Symbol: .ARM.__at_0x400
   Definitions
      At line 457 in file ..\Startup\startup_MK20D5.s
   Uses
      None
Comment: .ARM.__at_0x400 unused
1 symbol



ARM Macro Assembler    Page 1 Alphabetic symbol ordering
Relocatable symbols

.text 00000000

Symbol: .text
   Definitions
      At line 464 in file ..\Startup\startup_MK20D5.s
   Uses
      None
Comment: .text unused
ADC0_IRQHandler 0000001A

Symbol: ADC0_IRQHandler
   Definitions
      At line 595 in file ..\Startup\startup_MK20D5.s
   Uses
      At line 89 in file ..\Startup\startup_MK20D5.s
      At line 547 in file ..\Startup\startup_MK20D5.s

BusFault_Handler 0000000E

Symbol: BusFault_Handler
   Definitions
      At line 497 in file ..\Startup\startup_MK20D5.s
   Uses
      At line 54 in file ..\Startup\startup_MK20D5.s
      At line 498 in file ..\Startup\startup_MK20D5.s

CMP0_IRQHandler 0000001A

Symbol: CMP0_IRQHandler
   Definitions
      At line 596 in file ..\Startup\startup_MK20D5.s
   Uses
      At line 90 in file ..\Startup\startup_MK20D5.s
      At line 548 in file ..\Startup\startup_MK20D5.s

CMP1_IRQHandler 0000001A

Symbol: CMP1_IRQHandler
   Definitions
      At line 597 in file ..\Startup\startup_MK20D5.s
   Uses
      At line 91 in file ..\Startup\startup_MK20D5.s
      At line 549 in file ..\Startup\startup_MK20D5.s

CMT_IRQHandler 0000001A

Symbol: CMT_IRQHandler
   Definitions
      At line 600 in file ..\Startup\startup_MK20D5.s
   Uses
      At line 94 in file ..\Startup\startup_MK20D5.s
      At line 552 in file ..\Startup\startup_MK20D5.s

DMA0_IRQHandler 0000001A

Symbol: DMA0_IRQHandler
   Definitions
      At line 573 in file ..\Startup\startup_MK20D5.s
   Uses



ARM Macro Assembler    Page 2 Alphabetic symbol ordering
Relocatable symbols

      At line 67 in file ..\Startup\startup_MK20D5.s
      At line 525 in file ..\Startup\startup_MK20D5.s

DMA1_IRQHandler 0000001A

Symbol: DMA1_IRQHandler
   Definitions
      At line 574 in file ..\Startup\startup_MK20D5.s
   Uses
      At line 68 in file ..\Startup\startup_MK20D5.s
      At line 526 in file ..\Startup\startup_MK20D5.s

DMA2_IRQHandler 0000001A

Symbol: DMA2_IRQHandler
   Definitions
      At line 575 in file ..\Startup\startup_MK20D5.s
   Uses
      At line 69 in file ..\Startup\startup_MK20D5.s
      At line 527 in file ..\Startup\startup_MK20D5.s

DMA3_IRQHandler 0000001A

Symbol: DMA3_IRQHandler
   Definitions
      At line 576 in file ..\Startup\startup_MK20D5.s
   Uses
      At line 70 in file ..\Startup\startup_MK20D5.s
      At line 528 in file ..\Startup\startup_MK20D5.s

DMA_Error_IRQHandler 0000001A

Symbol: DMA_Error_IRQHandler
   Definitions
      At line 577 in file ..\Startup\startup_MK20D5.s
   Uses
      At line 71 in file ..\Startup\startup_MK20D5.s
      At line 529 in file ..\Startup\startup_MK20D5.s

DebugMon_Handler 00000014

Symbol: DebugMon_Handler
   Definitions
      At line 511 in file ..\Startup\startup_MK20D5.s
   Uses
      At line 61 in file ..\Startup\startup_MK20D5.s
      At line 512 in file ..\Startup\startup_MK20D5.s

DefaultISR 0000001A

Symbol: DefaultISR
   Definitions
      At line 619 in file ..\Startup\startup_MK20D5.s
   Uses
      At line 113 in file ..\Startup\startup_MK20D5.s
      At line 114 in file ..\Startup\startup_MK20D5.s
      At line 115 in file ..\Startup\startup_MK20D5.s
      At line 116 in file ..\Startup\startup_MK20D5.s
      At line 117 in file ..\Startup\startup_MK20D5.s



ARM Macro Assembler    Page 3 Alphabetic symbol ordering
Relocatable symbols

      At line 118 in file ..\Startup\startup_MK20D5.s
      At line 119 in file ..\Startup\startup_MK20D5.s
      At line 120 in file ..\Startup\startup_MK20D5.s
      At line 121 in file ..\Startup\startup_MK20D5.s
      At line 122 in file ..\Startup\startup_MK20D5.s
      At line 123 in file ..\Startup\startup_MK20D5.s
      At line 124 in file ..\Startup\startup_MK20D5.s
      At line 125 in file ..\Startup\startup_MK20D5.s
      At line 126 in file ..\Startup\startup_MK20D5.s
      At line 127 in file ..\Startup\startup_MK20D5.s
      At line 128 in file ..\Startup\startup_MK20D5.s
      At line 129 in file ..\Startup\startup_MK20D5.s
      At line 130 in file ..\Startup\startup_MK20D5.s
      At line 131 in file ..\Startup\startup_MK20D5.s
      At line 132 in file ..\Startup\startup_MK20D5.s
      At line 133 in file ..\Startup\startup_MK20D5.s
      At line 134 in file ..\Startup\startup_MK20D5.s
      At line 135 in file ..\Startup\startup_MK20D5.s
      At line 136 in file ..\Startup\startup_MK20D5.s
      At line 137 in file ..\Startup\startup_MK20D5.s
      At line 138 in file ..\Startup\startup_MK20D5.s
      At line 139 in file ..\Startup\startup_MK20D5.s
      At line 140 in file ..\Startup\startup_MK20D5.s
      At line 141 in file ..\Startup\startup_MK20D5.s
      At line 142 in file ..\Startup\startup_MK20D5.s
      At line 143 in file ..\Startup\startup_MK20D5.s
      At line 144 in file ..\Startup\startup_MK20D5.s
      At line 145 in file ..\Startup\startup_MK20D5.s
      At line 146 in file ..\Startup\startup_MK20D5.s
      At line 147 in file ..\Startup\startup_MK20D5.s
      At line 148 in file ..\Startup\startup_MK20D5.s
      At line 149 in file ..\Startup\startup_MK20D5.s
      At line 150 in file ..\Startup\startup_MK20D5.s
      At line 151 in file ..\Startup\startup_MK20D5.s
      At line 152 in file ..\Startup\startup_MK20D5.s
      At line 153 in file ..\Startup\startup_MK20D5.s
      At line 154 in file ..\Startup\startup_MK20D5.s
      At line 155 in file ..\Startup\startup_MK20D5.s
      At line 156 in file ..\Startup\startup_MK20D5.s
      At line 157 in file ..\Startup\startup_MK20D5.s
      At line 158 in file ..\Startup\startup_MK20D5.s
      At line 159 in file ..\Startup\startup_MK20D5.s
      At line 160 in file ..\Startup\startup_MK20D5.s
      At line 161 in file ..\Startup\startup_MK20D5.s
      At line 162 in file ..\Startup\startup_MK20D5.s
      At line 163 in file ..\Startup\startup_MK20D5.s
      At line 164 in file ..\Startup\startup_MK20D5.s
      At line 165 in file ..\Startup\startup_MK20D5.s
      At line 166 in file ..\Startup\startup_MK20D5.s
      At line 167 in file ..\Startup\startup_MK20D5.s
      At line 168 in file ..\Startup\startup_MK20D5.s
      At line 169 in file ..\Startup\startup_MK20D5.s
      At line 170 in file ..\Startup\startup_MK20D5.s
      At line 171 in file ..\Startup\startup_MK20D5.s
      At line 172 in file ..\Startup\startup_MK20D5.s
      At line 173 in file ..\Startup\startup_MK20D5.s
      At line 174 in file ..\Startup\startup_MK20D5.s
      At line 175 in file ..\Startup\startup_MK20D5.s
      At line 176 in file ..\Startup\startup_MK20D5.s



ARM Macro Assembler    Page 4 Alphabetic symbol ordering
Relocatable symbols

      At line 177 in file ..\Startup\startup_MK20D5.s
      At line 178 in file ..\Startup\startup_MK20D5.s
      At line 179 in file ..\Startup\startup_MK20D5.s
      At line 180 in file ..\Startup\startup_MK20D5.s
      At line 181 in file ..\Startup\startup_MK20D5.s
      At line 182 in file ..\Startup\startup_MK20D5.s
      At line 183 in file ..\Startup\startup_MK20D5.s
      At line 184 in file ..\Startup\startup_MK20D5.s
      At line 185 in file ..\Startup\startup_MK20D5.s
      At line 186 in file ..\Startup\startup_MK20D5.s
      At line 187 in file ..\Startup\startup_MK20D5.s
      At line 188 in file ..\Startup\startup_MK20D5.s
      At line 189 in file ..\Startup\startup_MK20D5.s
      At line 190 in file ..\Startup\startup_MK20D5.s
      At line 191 in file ..\Startup\startup_MK20D5.s
      At line 192 in file ..\Startup\startup_MK20D5.s
      At line 193 in file ..\Startup\startup_MK20D5.s
      At line 194 in file ..\Startup\startup_MK20D5.s
      At line 195 in file ..\Startup\startup_MK20D5.s
      At line 196 in file ..\Startup\startup_MK20D5.s
      At line 197 in file ..\Startup\startup_MK20D5.s
      At line 198 in file ..\Startup\startup_MK20D5.s
      At line 199 in file ..\Startup\startup_MK20D5.s
      At line 200 in file ..\Startup\startup_MK20D5.s
      At line 201 in file ..\Startup\startup_MK20D5.s
      At line 202 in file ..\Startup\startup_MK20D5.s
      At line 203 in file ..\Startup\startup_MK20D5.s
      At line 204 in file ..\Startup\startup_MK20D5.s
      At line 205 in file ..\Startup\startup_MK20D5.s
      At line 206 in file ..\Startup\startup_MK20D5.s
      At line 207 in file ..\Startup\startup_MK20D5.s
      At line 208 in file ..\Startup\startup_MK20D5.s
      At line 209 in file ..\Startup\startup_MK20D5.s
      At line 210 in file ..\Startup\startup_MK20D5.s
      At line 211 in file ..\Startup\startup_MK20D5.s
      At line 212 in file ..\Startup\startup_MK20D5.s
      At line 213 in file ..\Startup\startup_MK20D5.s
      At line 214 in file ..\Startup\startup_MK20D5.s
      At line 215 in file ..\Startup\startup_MK20D5.s
      At line 216 in file ..\Startup\startup_MK20D5.s
      At line 217 in file ..\Startup\startup_MK20D5.s
      At line 218 in file ..\Startup\startup_MK20D5.s
      At line 219 in file ..\Startup\startup_MK20D5.s
      At line 220 in file ..\Startup\startup_MK20D5.s
      At line 221 in file ..\Startup\startup_MK20D5.s
      At line 222 in file ..\Startup\startup_MK20D5.s
      At line 223 in file ..\Startup\startup_MK20D5.s
      At line 224 in file ..\Startup\startup_MK20D5.s
      At line 225 in file ..\Startup\startup_MK20D5.s
      At line 226 in file ..\Startup\startup_MK20D5.s
      At line 227 in file ..\Startup\startup_MK20D5.s
      At line 228 in file ..\Startup\startup_MK20D5.s
      At line 229 in file ..\Startup\startup_MK20D5.s
      At line 230 in file ..\Startup\startup_MK20D5.s
      At line 231 in file ..\Startup\startup_MK20D5.s
      At line 232 in file ..\Startup\startup_MK20D5.s
      At line 233 in file ..\Startup\startup_MK20D5.s
      At line 234 in file ..\Startup\startup_MK20D5.s
      At line 235 in file ..\Startup\startup_MK20D5.s



ARM Macro Assembler    Page 5 Alphabetic symbol ordering
Relocatable symbols

      At line 236 in file ..\Startup\startup_MK20D5.s
      At line 237 in file ..\Startup\startup_MK20D5.s
      At line 238 in file ..\Startup\startup_MK20D5.s
      At line 239 in file ..\Startup\startup_MK20D5.s
      At line 240 in file ..\Startup\startup_MK20D5.s
      At line 241 in file ..\Startup\startup_MK20D5.s
      At line 242 in file ..\Startup\startup_MK20D5.s
      At line 243 in file ..\Startup\startup_MK20D5.s
      At line 244 in file ..\Startup\startup_MK20D5.s
      At line 245 in file ..\Startup\startup_MK20D5.s
      At line 246 in file ..\Startup\startup_MK20D5.s
      At line 247 in file ..\Startup\startup_MK20D5.s
      At line 248 in file ..\Startup\startup_MK20D5.s
      At line 249 in file ..\Startup\startup_MK20D5.s
      At line 250 in file ..\Startup\startup_MK20D5.s
      At line 251 in file ..\Startup\startup_MK20D5.s
      At line 252 in file ..\Startup\startup_MK20D5.s
      At line 253 in file ..\Startup\startup_MK20D5.s
      At line 254 in file ..\Startup\startup_MK20D5.s
      At line 255 in file ..\Startup\startup_MK20D5.s
      At line 256 in file ..\Startup\startup_MK20D5.s
      At line 257 in file ..\Startup\startup_MK20D5.s
      At line 258 in file ..\Startup\startup_MK20D5.s
      At line 259 in file ..\Startup\startup_MK20D5.s
      At line 260 in file ..\Startup\startup_MK20D5.s
      At line 261 in file ..\Startup\startup_MK20D5.s
      At line 262 in file ..\Startup\startup_MK20D5.s
      At line 263 in file ..\Startup\startup_MK20D5.s
      At line 264 in file ..\Startup\startup_MK20D5.s
      At line 265 in file ..\Startup\startup_MK20D5.s
      At line 266 in file ..\Startup\startup_MK20D5.s
      At line 267 in file ..\Startup\startup_MK20D5.s
      At line 268 in file ..\Startup\startup_MK20D5.s
      At line 269 in file ..\Startup\startup_MK20D5.s
      At line 270 in file ..\Startup\startup_MK20D5.s
      At line 271 in file ..\Startup\startup_MK20D5.s
      At line 272 in file ..\Startup\startup_MK20D5.s
      At line 273 in file ..\Startup\startup_MK20D5.s
      At line 274 in file ..\Startup\startup_MK20D5.s
      At line 275 in file ..\Startup\startup_MK20D5.s
      At line 276 in file ..\Startup\startup_MK20D5.s
      At line 277 in file ..\Startup\startup_MK20D5.s
      At line 278 in file ..\Startup\startup_MK20D5.s
      At line 279 in file ..\Startup\startup_MK20D5.s
      At line 280 in file ..\Startup\startup_MK20D5.s
      At line 281 in file ..\Startup\startup_MK20D5.s
      At line 282 in file ..\Startup\startup_MK20D5.s
      At line 283 in file ..\Startup\startup_MK20D5.s
      At line 284 in file ..\Startup\startup_MK20D5.s
      At line 285 in file ..\Startup\startup_MK20D5.s
      At line 286 in file ..\Startup\startup_MK20D5.s
      At line 287 in file ..\Startup\startup_MK20D5.s
      At line 288 in file ..\Startup\startup_MK20D5.s
      At line 289 in file ..\Startup\startup_MK20D5.s
      At line 290 in file ..\Startup\startup_MK20D5.s
      At line 291 in file ..\Startup\startup_MK20D5.s
      At line 292 in file ..\Startup\startup_MK20D5.s
      At line 293 in file ..\Startup\startup_MK20D5.s
      At line 294 in file ..\Startup\startup_MK20D5.s



ARM Macro Assembler    Page 6 Alphabetic symbol ordering
Relocatable symbols

      At line 295 in file ..\Startup\startup_MK20D5.s
      At line 296 in file ..\Startup\startup_MK20D5.s
      At line 297 in file ..\Startup\startup_MK20D5.s
      At line 298 in file ..\Startup\startup_MK20D5.s
      At line 299 in file ..\Startup\startup_MK20D5.s
      At line 300 in file ..\Startup\startup_MK20D5.s
      At line 301 in file ..\Startup\startup_MK20D5.s
      At line 302 in file ..\Startup\startup_MK20D5.s
      At line 303 in file ..\Startup\startup_MK20D5.s
      At line 304 in file ..\Startup\startup_MK20D5.s
      At line 305 in file ..\Startup\startup_MK20D5.s
      At line 306 in file ..\Startup\startup_MK20D5.s
      At line 571 in file ..\Startup\startup_MK20D5.s

Default_Handler 0000001A

Symbol: Default_Handler
   Definitions
      At line 524 in file ..\Startup\startup_MK20D5.s
   Uses
      None
Comment: Default_Handler unused
FTFL_IRQHandler 0000001A

Symbol: FTFL_IRQHandler
   Definitions
      At line 579 in file ..\Startup\startup_MK20D5.s
   Uses
      At line 73 in file ..\Startup\startup_MK20D5.s
      At line 531 in file ..\Startup\startup_MK20D5.s

FTM0_IRQHandler 0000001A

Symbol: FTM0_IRQHandler
   Definitions
      At line 598 in file ..\Startup\startup_MK20D5.s
   Uses
      At line 92 in file ..\Startup\startup_MK20D5.s
      At line 550 in file ..\Startup\startup_MK20D5.s

FTM1_IRQHandler 0000001A

Symbol: FTM1_IRQHandler
   Definitions
      At line 599 in file ..\Startup\startup_MK20D5.s
   Uses
      At line 93 in file ..\Startup\startup_MK20D5.s
      At line 551 in file ..\Startup\startup_MK20D5.s

HardFault_Handler 0000000A

Symbol: HardFault_Handler
   Definitions
      At line 487 in file ..\Startup\startup_MK20D5.s
   Uses
      At line 52 in file ..\Startup\startup_MK20D5.s
      At line 488 in file ..\Startup\startup_MK20D5.s

I2C0_IRQHandler 0000001A



ARM Macro Assembler    Page 7 Alphabetic symbol ordering
Relocatable symbols


Symbol: I2C0_IRQHandler
   Definitions
      At line 584 in file ..\Startup\startup_MK20D5.s
   Uses
      At line 78 in file ..\Startup\startup_MK20D5.s
      At line 536 in file ..\Startup\startup_MK20D5.s

I2S0_Rx_IRQHandler 0000001A

Symbol: I2S0_Rx_IRQHandler
   Definitions
      At line 587 in file ..\Startup\startup_MK20D5.s
   Uses
      At line 81 in file ..\Startup\startup_MK20D5.s
      At line 539 in file ..\Startup\startup_MK20D5.s

I2S0_Tx_IRQHandler 0000001A

Symbol: I2S0_Tx_IRQHandler
   Definitions
      At line 586 in file ..\Startup\startup_MK20D5.s
   Uses
      At line 80 in file ..\Startup\startup_MK20D5.s
      At line 538 in file ..\Startup\startup_MK20D5.s

LLW_IRQHandler 0000001A

Symbol: LLW_IRQHandler
   Definitions
      At line 582 in file ..\Startup\startup_MK20D5.s
   Uses
      At line 76 in file ..\Startup\startup_MK20D5.s
      At line 534 in file ..\Startup\startup_MK20D5.s

LPTimer_IRQHandler 0000001A

Symbol: LPTimer_IRQHandler
   Definitions
      At line 612 in file ..\Startup\startup_MK20D5.s
   Uses
      At line 106 in file ..\Startup\startup_MK20D5.s
      At line 564 in file ..\Startup\startup_MK20D5.s

LVD_LVW_IRQHandler 0000001A

Symbol: LVD_LVW_IRQHandler
   Definitions
      At line 581 in file ..\Startup\startup_MK20D5.s
   Uses
      At line 75 in file ..\Startup\startup_MK20D5.s
      At line 533 in file ..\Startup\startup_MK20D5.s

MCG_IRQHandler 0000001A

Symbol: MCG_IRQHandler
   Definitions
      At line 611 in file ..\Startup\startup_MK20D5.s
   Uses



ARM Macro Assembler    Page 8 Alphabetic symbol ordering
Relocatable symbols

      At line 105 in file ..\Startup\startup_MK20D5.s
      At line 563 in file ..\Startup\startup_MK20D5.s

MemManage_Handler 0000000C

Symbol: MemManage_Handler
   Definitions
      At line 492 in file ..\Startup\startup_MK20D5.s
   Uses
      At line 53 in file ..\Startup\startup_MK20D5.s
      At line 493 in file ..\Startup\startup_MK20D5.s

NMI_Handler 00000008

Symbol: NMI_Handler
   Definitions
      At line 482 in file ..\Startup\startup_MK20D5.s
   Uses
      At line 51 in file ..\Startup\startup_MK20D5.s
      At line 483 in file ..\Startup\startup_MK20D5.s

PDB0_IRQHandler 0000001A

Symbol: PDB0_IRQHandler
   Definitions
      At line 607 in file ..\Startup\startup_MK20D5.s
   Uses
      At line 101 in file ..\Startup\startup_MK20D5.s
      At line 559 in file ..\Startup\startup_MK20D5.s

PIT0_IRQHandler 0000001A

Symbol: PIT0_IRQHandler
   Definitions
      At line 603 in file ..\Startup\startup_MK20D5.s
   Uses
      At line 97 in file ..\Startup\startup_MK20D5.s
      At line 555 in file ..\Startup\startup_MK20D5.s

PIT1_IRQHandler 0000001A

Symbol: PIT1_IRQHandler
   Definitions
      At line 604 in file ..\Startup\startup_MK20D5.s
   Uses
      At line 98 in file ..\Startup\startup_MK20D5.s
      At line 556 in file ..\Startup\startup_MK20D5.s

PIT2_IRQHandler 0000001A

Symbol: PIT2_IRQHandler
   Definitions
      At line 605 in file ..\Startup\startup_MK20D5.s
   Uses
      At line 99 in file ..\Startup\startup_MK20D5.s
      At line 557 in file ..\Startup\startup_MK20D5.s

PIT3_IRQHandler 0000001A




ARM Macro Assembler    Page 9 Alphabetic symbol ordering
Relocatable symbols

Symbol: PIT3_IRQHandler
   Definitions
      At line 606 in file ..\Startup\startup_MK20D5.s
   Uses
      At line 100 in file ..\Startup\startup_MK20D5.s
      At line 558 in file ..\Startup\startup_MK20D5.s

PORTA_IRQHandler 0000001A

Symbol: PORTA_IRQHandler
   Definitions
      At line 613 in file ..\Startup\startup_MK20D5.s
   Uses
      At line 107 in file ..\Startup\startup_MK20D5.s
      At line 565 in file ..\Startup\startup_MK20D5.s

PORTB_IRQHandler 0000001A

Symbol: PORTB_IRQHandler
   Definitions
      At line 614 in file ..\Startup\startup_MK20D5.s
   Uses
      At line 108 in file ..\Startup\startup_MK20D5.s
      At line 566 in file ..\Startup\startup_MK20D5.s

PORTC_IRQHandler 0000001A

Symbol: PORTC_IRQHandler
   Definitions
      At line 615 in file ..\Startup\startup_MK20D5.s
   Uses
      At line 109 in file ..\Startup\startup_MK20D5.s
      At line 567 in file ..\Startup\startup_MK20D5.s

PORTD_IRQHandler 0000001A

Symbol: PORTD_IRQHandler
   Definitions
      At line 616 in file ..\Startup\startup_MK20D5.s
   Uses
      At line 110 in file ..\Startup\startup_MK20D5.s
      At line 568 in file ..\Startup\startup_MK20D5.s

PORTE_IRQHandler 0000001A

Symbol: PORTE_IRQHandler
   Definitions
      At line 617 in file ..\Startup\startup_MK20D5.s
   Uses
      At line 111 in file ..\Startup\startup_MK20D5.s
      At line 569 in file ..\Startup\startup_MK20D5.s

PendSV_Handler 00000016

Symbol: PendSV_Handler
   Definitions
      At line 515 in file ..\Startup\startup_MK20D5.s
   Uses
      At line 63 in file ..\Startup\startup_MK20D5.s



ARM Macro Assembler    Page 10 Alphabetic symbol ordering
Relocatable symbols

      At line 516 in file ..\Startup\startup_MK20D5.s

RTC_IRQHandler 0000001A

Symbol: RTC_IRQHandler
   Definitions
      At line 601 in file ..\Startup\startup_MK20D5.s
   Uses
      At line 95 in file ..\Startup\startup_MK20D5.s
      At line 553 in file ..\Startup\startup_MK20D5.s

RTC_Seconds_IRQHandler 0000001A

Symbol: RTC_Seconds_IRQHandler
   Definitions
      At line 602 in file ..\Startup\startup_MK20D5.s
   Uses
      At line 96 in file ..\Startup\startup_MK20D5.s
      At line 554 in file ..\Startup\startup_MK20D5.s

Read_Collision_IRQHandler 0000001A

Symbol: Read_Collision_IRQHandler
   Definitions
      At line 580 in file ..\Startup\startup_MK20D5.s
   Uses
      At line 74 in file ..\Startup\startup_MK20D5.s
      At line 532 in file ..\Startup\startup_MK20D5.s

Reserved21_IRQHandler 0000001A

Symbol: Reserved21_IRQHandler
   Definitions
      At line 578 in file ..\Startup\startup_MK20D5.s
   Uses
      At line 72 in file ..\Startup\startup_MK20D5.s
      At line 530 in file ..\Startup\startup_MK20D5.s

Reset_Handler 00000000

Symbol: Reset_Handler
   Definitions
      At line 469 in file ..\Startup\startup_MK20D5.s
   Uses
      At line 50 in file ..\Startup\startup_MK20D5.s
      At line 470 in file ..\Startup\startup_MK20D5.s

SPI0_IRQHandler 0000001A

Symbol: SPI0_IRQHandler
   Definitions
      At line 585 in file ..\Startup\startup_MK20D5.s
   Uses
      At line 79 in file ..\Startup\startup_MK20D5.s
      At line 537 in file ..\Startup\startup_MK20D5.s

SVC_Handler 00000012

Symbol: SVC_Handler



ARM Macro Assembler    Page 11 Alphabetic symbol ordering
Relocatable symbols

   Definitions
      At line 506 in file ..\Startup\startup_MK20D5.s
   Uses
      At line 60 in file ..\Startup\startup_MK20D5.s
      At line 507 in file ..\Startup\startup_MK20D5.s

SWI_IRQHandler 0000001A

Symbol: SWI_IRQHandler
   Definitions
      At line 618 in file ..\Startup\startup_MK20D5.s
   Uses
      At line 112 in file ..\Startup\startup_MK20D5.s
      At line 570 in file ..\Startup\startup_MK20D5.s

SysTick_Handler 00000018

Symbol: SysTick_Handler
   Definitions
      At line 519 in file ..\Startup\startup_MK20D5.s
   Uses
      At line 64 in file ..\Startup\startup_MK20D5.s
      At line 520 in file ..\Startup\startup_MK20D5.s

TSI0_IRQHandler 0000001A

Symbol: TSI0_IRQHandler
   Definitions
      At line 610 in file ..\Startup\startup_MK20D5.s
   Uses
      At line 104 in file ..\Startup\startup_MK20D5.s
      At line 562 in file ..\Startup\startup_MK20D5.s

UART0_ERR_IRQHandler 0000001A

Symbol: UART0_ERR_IRQHandler
   Definitions
      At line 590 in file ..\Startup\startup_MK20D5.s
   Uses
      At line 84 in file ..\Startup\startup_MK20D5.s
      At line 542 in file ..\Startup\startup_MK20D5.s

UART0_LON_IRQHandler 0000001A

Symbol: UART0_LON_IRQHandler
   Definitions
      At line 588 in file ..\Startup\startup_MK20D5.s
   Uses
      At line 82 in file ..\Startup\startup_MK20D5.s
      At line 540 in file ..\Startup\startup_MK20D5.s

UART0_RX_TX_IRQHandler 0000001A

Symbol: UART0_RX_TX_IRQHandler
   Definitions
      At line 589 in file ..\Startup\startup_MK20D5.s
   Uses
      At line 83 in file ..\Startup\startup_MK20D5.s
      At line 541 in file ..\Startup\startup_MK20D5.s



ARM Macro Assembler    Page 12 Alphabetic symbol ordering
Relocatable symbols


UART1_ERR_IRQHandler 0000001A

Symbol: UART1_ERR_IRQHandler
   Definitions
      At line 592 in file ..\Startup\startup_MK20D5.s
   Uses
      At line 86 in file ..\Startup\startup_MK20D5.s
      At line 544 in file ..\Startup\startup_MK20D5.s

UART1_RX_TX_IRQHandler 0000001A

Symbol: UART1_RX_TX_IRQHandler
   Definitions
      At line 591 in file ..\Startup\startup_MK20D5.s
   Uses
      At line 85 in file ..\Startup\startup_MK20D5.s
      At line 543 in file ..\Startup\startup_MK20D5.s

UART2_ERR_IRQHandler 0000001A

Symbol: UART2_ERR_IRQHandler
   Definitions
      At line 594 in file ..\Startup\startup_MK20D5.s
   Uses
      At line 88 in file ..\Startup\startup_MK20D5.s
      At line 546 in file ..\Startup\startup_MK20D5.s

UART2_RX_TX_IRQHandler 0000001A

Symbol: UART2_RX_TX_IRQHandler
   Definitions
      At line 593 in file ..\Startup\startup_MK20D5.s
   Uses
      At line 87 in file ..\Startup\startup_MK20D5.s
      At line 545 in file ..\Startup\startup_MK20D5.s

USB0_IRQHandler 0000001A

Symbol: USB0_IRQHandler
   Definitions
      At line 608 in file ..\Startup\startup_MK20D5.s
   Uses
      At line 102 in file ..\Startup\startup_MK20D5.s
      At line 560 in file ..\Startup\startup_MK20D5.s

USBDCD_IRQHandler 0000001A

Symbol: USBDCD_IRQHandler
   Definitions
      At line 609 in file ..\Startup\startup_MK20D5.s
   Uses
      At line 103 in file ..\Startup\startup_MK20D5.s
      At line 561 in file ..\Startup\startup_MK20D5.s

UsageFault_Handler 00000010

Symbol: UsageFault_Handler
   Definitions



ARM Macro Assembler    Page 13 Alphabetic symbol ordering
Relocatable symbols

      At line 502 in file ..\Startup\startup_MK20D5.s
   Uses
      At line 55 in file ..\Startup\startup_MK20D5.s
      At line 503 in file ..\Startup\startup_MK20D5.s

Watchdog_IRQHandler 0000001A

Symbol: Watchdog_IRQHandler
   Definitions
      At line 583 in file ..\Startup\startup_MK20D5.s
   Uses
      At line 77 in file ..\Startup\startup_MK20D5.s
      At line 535 in file ..\Startup\startup_MK20D5.s

59 symbols



ARM Macro Assembler    Page 1 Alphabetic symbol ordering
Absolute symbols

BackDoorK0 000000FF

Symbol: BackDoorK0
   Definitions
      At line 323 in file ..\Startup\startup_MK20D5.s
   Uses
      At line 458 in file ..\Startup\startup_MK20D5.s
Comment: BackDoorK0 used once
BackDoorK1 000000FF

Symbol: BackDoorK1
   Definitions
      At line 324 in file ..\Startup\startup_MK20D5.s
   Uses
      At line 458 in file ..\Startup\startup_MK20D5.s
Comment: BackDoorK1 used once
BackDoorK2 000000FF

Symbol: BackDoorK2
   Definitions
      At line 325 in file ..\Startup\startup_MK20D5.s
   Uses
      At line 458 in file ..\Startup\startup_MK20D5.s
Comment: BackDoorK2 used once
BackDoorK3 000000FF

Symbol: BackDoorK3
   Definitions
      At line 326 in file ..\Startup\startup_MK20D5.s
   Uses
      At line 458 in file ..\Startup\startup_MK20D5.s
Comment: BackDoorK3 used once
BackDoorK4 000000FF

Symbol: BackDoorK4
   Definitions
      At line 327 in file ..\Startup\startup_MK20D5.s
   Uses
      At line 459 in file ..\Startup\startup_MK20D5.s
Comment: BackDoorK4 used once
BackDoorK5 000000FF

Symbol: BackDoorK5
   Definitions
      At line 328 in file ..\Startup\startup_MK20D5.s
   Uses
      At line 459 in file ..\Startup\startup_MK20D5.s
Comment: BackDoorK5 used once
BackDoorK6 000000FF

Symbol: BackDoorK6
   Definitions
      At line 329 in file ..\Startup\startup_MK20D5.s
   Uses
      At line 459 in file ..\Startup\startup_MK20D5.s
Comment: BackDoorK6 used once
BackDoorK7 000000FF

Symbol: BackDoorK7



ARM Macro Assembler    Page 2 Alphabetic symbol ordering
Absolute symbols

   Definitions
      At line 330 in file ..\Startup\startup_MK20D5.s
   Uses
      At line 459 in file ..\Startup\startup_MK20D5.s
Comment: BackDoorK7 used once
FDPROT 000000FF

Symbol: FDPROT
   Definitions
      At line 404 in file ..\Startup\startup_MK20D5.s
   Uses
      At line 461 in file ..\Startup\startup_MK20D5.s
Comment: FDPROT used once
FEPROT 000000FF

Symbol: FEPROT
   Definitions
      At line 418 in file ..\Startup\startup_MK20D5.s
   Uses
      At line 461 in file ..\Startup\startup_MK20D5.s
Comment: FEPROT used once
FOPT 000000FF

Symbol: FOPT
   Definitions
      At line 428 in file ..\Startup\startup_MK20D5.s
   Uses
      At line 461 in file ..\Startup\startup_MK20D5.s
Comment: FOPT used once
FPROT0 000000FF

Symbol: FPROT0
   Definitions
      At line 347 in file ..\Startup\startup_MK20D5.s
   Uses
      At line 460 in file ..\Startup\startup_MK20D5.s
Comment: FPROT0 used once
FPROT1 000000FF

Symbol: FPROT1
   Definitions
      At line 361 in file ..\Startup\startup_MK20D5.s
   Uses
      At line 460 in file ..\Startup\startup_MK20D5.s
Comment: FPROT1 used once
FPROT2 000000FF

Symbol: FPROT2
   Definitions
      At line 375 in file ..\Startup\startup_MK20D5.s
   Uses
      At line 460 in file ..\Startup\startup_MK20D5.s
Comment: FPROT2 used once
FPROT3 000000FF

Symbol: FPROT3
   Definitions
      At line 389 in file ..\Startup\startup_MK20D5.s
   Uses



ARM Macro Assembler    Page 3 Alphabetic symbol ordering
Absolute symbols

      At line 460 in file ..\Startup\startup_MK20D5.s
Comment: FPROT3 used once
FSEC 000000FE

Symbol: FSEC
   Definitions
      At line 453 in file ..\Startup\startup_MK20D5.s
   Uses
      At line 461 in file ..\Startup\startup_MK20D5.s
Comment: FSEC used once
Heap_Size 00000000

Symbol: Heap_Size
   Definitions
      At line 30 in file ..\Startup\startup_MK20D5.s
   Uses
      At line 34 in file ..\Startup\startup_MK20D5.s
Comment: Heap_Size used once
Stack_Size 00000400

Symbol: Stack_Size
   Definitions
      At line 19 in file ..\Startup\startup_MK20D5.s
   Uses
      At line 22 in file ..\Startup\startup_MK20D5.s
Comment: Stack_Size used once
__Vectors_Size 00000400

Symbol: __Vectors_Size
   Definitions
      At line 309 in file ..\Startup\startup_MK20D5.s
   Uses
      At line 47 in file ..\Startup\startup_MK20D5.s
Comment: __Vectors_Size used once
nFDPROT 00000000

Symbol: nFDPROT
   Definitions
      At line 403 in file ..\Startup\startup_MK20D5.s
   Uses
      At line 404 in file ..\Startup\startup_MK20D5.s
Comment: nFDPROT used once
nFEPROT 00000000

Symbol: nFEPROT
   Definitions
      At line 417 in file ..\Startup\startup_MK20D5.s
   Uses
      At line 418 in file ..\Startup\startup_MK20D5.s
Comment: nFEPROT used once
nFPROT0 00000000

Symbol: nFPROT0
   Definitions
      At line 346 in file ..\Startup\startup_MK20D5.s
   Uses
      At line 347 in file ..\Startup\startup_MK20D5.s
Comment: nFPROT0 used once
nFPROT1 00000000



ARM Macro Assembler    Page 4 Alphabetic symbol ordering
Absolute symbols


Symbol: nFPROT1
   Definitions
      At line 360 in file ..\Startup\startup_MK20D5.s
   Uses
      At line 361 in file ..\Startup\startup_MK20D5.s
Comment: nFPROT1 used once
nFPROT2 00000000

Symbol: nFPROT2
   Definitions
      At line 374 in file ..\Startup\startup_MK20D5.s
   Uses
      At line 375 in file ..\Startup\startup_MK20D5.s
Comment: nFPROT2 used once
nFPROT3 00000000

Symbol: nFPROT3
   Definitions
      At line 388 in file ..\Startup\startup_MK20D5.s
   Uses
      At line 389 in file ..\Startup\startup_MK20D5.s
Comment: nFPROT3 used once
25 symbols



ARM Macro Assembler    Page 1 Alphabetic symbol ordering
External symbols

SystemInit 00000000

Symbol: SystemInit
   Definitions
      At line 471 in file ..\Startup\startup_MK20D5.s
   Uses
      At line 473 in file ..\Startup\startup_MK20D5.s
Comment: SystemInit used once
__main 00000000

Symbol: __main
   Definitions
      At line 472 in file ..\Startup\startup_MK20D5.s
   Uses
      At line 475 in file ..\Startup\startup_MK20D5.s
Comment: __main used once
2 symbols
432 symbols in table
